\BOOKMARK [0][-]{chapter.1}{序論}{}% 1
\BOOKMARK [0][-]{chapter.2}{背景}{}% 2
\BOOKMARK [0][-]{chapter.3}{目的}{}% 3
\BOOKMARK [0][-]{chapter.4}{プロジェクトマネジメントとの関連}{}% 4
\BOOKMARK [0][-]{chapter.5}{農業について}{}% 5
\BOOKMARK [1][-]{section.5.1}{本章の構成}{chapter.5}% 6
\BOOKMARK [1][-]{section.5.2}{農業とは}{chapter.5}% 7
\BOOKMARK [1][-]{section.5.3}{農業の種類}{chapter.5}% 8
\BOOKMARK [1][-]{section.5.4}{品種改良とは}{chapter.5}% 9
\BOOKMARK [1][-]{section.5.5}{方法}{chapter.5}% 10
\BOOKMARK [1][-]{section.5.6}{遺伝子組み換えとは}{chapter.5}% 11
\BOOKMARK [1][-]{section.5.7}{現在の農業情報}{chapter.5}% 12
\BOOKMARK [0][-]{chapter.6}{Wikiについて}{}% 13
\BOOKMARK [1][-]{section.6.1}{本章の構成}{chapter.6}% 14
\BOOKMARK [1][-]{section.6.2}{Wikiとは}{chapter.6}% 15
\BOOKMARK [1][-]{section.6.3}{特徴}{chapter.6}% 16
\BOOKMARK [1][-]{section.6.4}{歴史}{chapter.6}% 17
\BOOKMARK [1][-]{section.6.5}{活用例}{chapter.6}% 18
\BOOKMARK [0][-]{chapter.7}{Wikipediaについて}{}% 19
\BOOKMARK [1][-]{section.7.1}{本章の構成}{chapter.7}% 20
\BOOKMARK [1][-]{section.7.2}{Wikipedia とは}{chapter.7}% 21
\BOOKMARK [1][-]{section.7.3}{用語}{chapter.7}% 22
\BOOKMARK [1][-]{section.7.4}{編集方法}{chapter.7}% 23
\BOOKMARK [0][-]{chapter.8}{Mediawikiについて}{}% 24
\BOOKMARK [1][-]{section.8.1}{本章の構成}{chapter.8}% 25
\BOOKMARK [1][-]{section.8.2}{Mediawikiとは}{chapter.8}% 26
\BOOKMARK [1][-]{section.8.3}{特徴}{chapter.8}% 27
\BOOKMARK [1][-]{section.8.4}{記事の作成方法}{chapter.8}% 28
\BOOKMARK [1][-]{section.8.5}{編集方法}{chapter.8}% 29
\BOOKMARK [1][-]{section.8.6}{書式整形}{chapter.8}% 30
\BOOKMARK [0][-]{chapter.9}{手法}{}% 31
\BOOKMARK [1][-]{section.9.1}{本章の構成}{chapter.9}% 32
\BOOKMARK [1][-]{section.9.2}{研究方法}{chapter.9}% 33
\BOOKMARK [1][-]{section.9.3}{上位下位関係抽出ツールについて}{chapter.9}% 34
\BOOKMARK [1][-]{section.9.4}{上位下位関係抽出ツールの使用理由}{chapter.9}% 35
\BOOKMARK [0][-]{chapter.10}{結果}{}% 36
\BOOKMARK [1][-]{section.10.1}{本章の構成}{chapter.10}% 37
\BOOKMARK [1][-]{section.10.2}{研究結果}{chapter.10}% 38
\BOOKMARK [1][-]{section.10.3}{研究結果まとめ}{chapter.10}% 39
\BOOKMARK [0][-]{chapter.11}{考察}{}% 40
\BOOKMARK [1][-]{section.11.1}{本章の構成}{chapter.11}% 41
\BOOKMARK [1][-]{section.11.2}{考察}{chapter.11}% 42
\BOOKMARK [0][-]{chapter.12}{結論}{}% 43
\BOOKMARK [1][-]{section.12.1}{本章の構成}{chapter.12}% 44
\BOOKMARK [1][-]{section.12.2}{結論}{chapter.12}% 45
\BOOKMARK [0][-]{chapter*.3}{参考文献}{}% 46
