\BOOKMARK [0][-]{chapter.1}{序論}{}% 1
\BOOKMARK [1][-]{section.1.1}{研究背景}{chapter.1}% 2
\BOOKMARK [1][-]{section.1.2}{研究背景となった話}{chapter.1}% 3
\BOOKMARK [0][-]{chapter.2}{研究目的}{}% 4
\BOOKMARK [0][-]{chapter.3}{集合知とは}{}% 5
\BOOKMARK [1][-]{section.3.1}{集合知収集の4つの手順}{chapter.3}% 6
\BOOKMARK [0][-]{chapter.4}{ナレッジマネジメントとは}{}% 7
\BOOKMARK [1][-]{section.4.1}{SECIモデル}{chapter.4}% 8
\BOOKMARK [1][-]{section.4.2}{具体的な手法}{chapter.4}% 9
\BOOKMARK [1][-]{section.4.3}{知識変換の「場」}{chapter.4}% 10
\BOOKMARK [0][-]{chapter.5}{株とは}{}% 11
\BOOKMARK [1][-]{section.5.1}{株とは}{chapter.5}% 12
\BOOKMARK [1][-]{section.5.2}{株式会社とは}{chapter.5}% 13
\BOOKMARK [1][-]{section.5.3}{株価変動の要因}{chapter.5}% 14
\BOOKMARK [0][-]{chapter.6}{Rubyによるクローラー開発について}{}% 15
\BOOKMARK [1][-]{section.6.1}{Rubyとは}{chapter.6}% 16
\BOOKMARK [1][-]{section.6.2}{Rubyの特性}{chapter.6}% 17
\BOOKMARK [1][-]{section.6.3}{Rubyのオブジェクト指向}{chapter.6}% 18
\BOOKMARK [1][-]{section.6.4}{クローラーとは}{chapter.6}% 19
\BOOKMARK [1][-]{section.6.5}{クローラーの目的}{chapter.6}% 20
\BOOKMARK [1][-]{section.6.6}{クローラーの構造}{chapter.6}% 21
\BOOKMARK [1][-]{section.6.7}{RubyとAnemone}{chapter.6}% 22
\BOOKMARK [0][-]{chapter.7}{研究方法}{}% 23
\BOOKMARK [1][-]{section.7.1}{Linuxを使用}{chapter.7}% 24
\BOOKMARK [1][-]{section.7.2}{Oracle VM VirtualBoxを使用}{chapter.7}% 25
\BOOKMARK [1][-]{section.7.3}{Oracle VM VirtualBox用語説明}{chapter.7}% 26
\BOOKMARK [1][-]{section.7.4}{Ubuntu，VirtualBoxをインストール}{chapter.7}% 27
\BOOKMARK [1][-]{section.7.5}{ゲストマシンを作成し，その中にUbuntuをインストール}{chapter.7}% 28
\BOOKMARK [1][-]{section.7.6}{『Rubyによるクローラー開発技法の通りに株価を取得}{chapter.7}% 29
\BOOKMARK [1][-]{section.7.7}{株価取得ツール使用方法}{chapter.7}% 30
\BOOKMARK [1][-]{section.7.8}{背景にある調査の進め方}{chapter.7}% 31
\BOOKMARK [1][-]{section.7.9}{横浜マンション傾斜問題の調査}{chapter.7}% 32
\BOOKMARK [0][-]{chapter.8}{結果}{}% 33
\BOOKMARK [1][-]{section.8.1}{旭化成}{chapter.8}% 34
\BOOKMARK [1][-]{section.8.2}{三井住友建設}{chapter.8}% 35
\BOOKMARK [1][-]{section.8.3}{日立ハイテクノロジーズ}{chapter.8}% 36
\BOOKMARK [0][-]{chapter.9}{考察}{}% 37
\BOOKMARK [0][-]{chapter.10}{結論}{}% 38
\BOOKMARK [0][-]{chapter*.6}{参考文献}{}% 39
