\BOOKMARK [0][-]{chapter.1}{序論}{}% 1
\BOOKMARK [1][-]{section.1.1}{title}{chapter.1}% 2
\BOOKMARK [0][-]{chapter.2}{背景}{}% 3
\BOOKMARK [0][-]{chapter.3}{目的}{}% 4
\BOOKMARK [0][-]{chapter.4}{農業について}{}% 5
\BOOKMARK [1][-]{section.4.1}{本章の構成}{chapter.4}% 6
\BOOKMARK [1][-]{section.4.2}{農業とは}{chapter.4}% 7
\BOOKMARK [1][-]{section.4.3}{農業の種類}{chapter.4}% 8
\BOOKMARK [1][-]{section.4.4}{品種改良とは}{chapter.4}% 9
\BOOKMARK [1][-]{section.4.5}{方法}{chapter.4}% 10
\BOOKMARK [1][-]{section.4.6}{遺伝子組み換えとは}{chapter.4}% 11
\BOOKMARK [1][-]{section.4.7}{現在の農業情報}{chapter.4}% 12
\BOOKMARK [0][-]{chapter.5}{Wikiについて}{}% 13
\BOOKMARK [1][-]{section.5.1}{本章の構成}{chapter.5}% 14
\BOOKMARK [1][-]{section.5.2}{Wikiとは}{chapter.5}% 15
\BOOKMARK [1][-]{section.5.3}{特徴}{chapter.5}% 16
\BOOKMARK [1][-]{section.5.4}{歴史}{chapter.5}% 17
\BOOKMARK [1][-]{section.5.5}{活用例}{chapter.5}% 18
\BOOKMARK [0][-]{chapter.6}{Wikipediaについて}{}% 19
\BOOKMARK [1][-]{section.6.1}{本章の構成}{chapter.6}% 20
\BOOKMARK [1][-]{section.6.2}{Wikipedia とは}{chapter.6}% 21
\BOOKMARK [1][-]{section.6.3}{用語}{chapter.6}% 22
\BOOKMARK [1][-]{section.6.4}{編集方法}{chapter.6}% 23
\BOOKMARK [0][-]{chapter.7}{Mediawikiについて}{}% 24
\BOOKMARK [1][-]{section.7.1}{本章の構成}{chapter.7}% 25
\BOOKMARK [1][-]{section.7.2}{Mediawikiとは}{chapter.7}% 26
\BOOKMARK [0][-]{chapter.8}{手法}{}% 27
\BOOKMARK [1][-]{section.8.1}{title}{chapter.8}% 28
\BOOKMARK [0][-]{chapter.9}{結果}{}% 29
\BOOKMARK [1][-]{section.9.1}{title}{chapter.9}% 30
\BOOKMARK [0][-]{chapter.10}{考察}{}% 31
\BOOKMARK [1][-]{section.10.1}{title}{chapter.10}% 32
\BOOKMARK [0][-]{chapter.11}{結論}{}% 33
\BOOKMARK [1][-]{section.11.1}{title}{chapter.11}% 34
\BOOKMARK [0][-]{chapter*.8}{参考文献}{}% 35
