This is e-upTeX, Version 3.14159265-p3.5-u1.11-130605-2.6 (utf8.uptex) (TeX Live 2014/W32TeX) (preloaded format=uplatex 2014.12.10)  27 JAN 2016 17:55
entering extended mode
 \write18 enabled.
 %&-line parsing enabled.
**draft
(./draft.tex
pLaTeX2e <2011/05/07u00>+0 (based on LaTeX2e <2014/05/01> patch level 0)
Babel <3.9k> and hyphenation patterns for 78 languages loaded.
(c:/texlive/2014/texmf-dist/tex/platex/jsclasses/jsbook.cls
Document Class: jsbook 2014/02/07 okumura
LaTeX Info: Redefining \rmfamily on input line 359.
LaTeX Info: Redefining \sffamily on input line 362.
LaTeX Info: Redefining \ttfamily on input line 365.
\symmincho=\mathgroup4
LaTeX Font Info:    Overwriting symbol font `mincho' in version `bold'
(Font)                  JY2/mc/m/n --> JY2/gt/m/n on input line 430.
LaTeX Font Info:    Font shape `JT2/mc/m/n' will be
(Font)              scaled to size 9.24683pt on input line 620.
LaTeX Font Info:    Font shape `JY2/mc/m/n' will be
(Font)              scaled to size 9.24683pt on input line 620.
\fullwidth=\dimen118
LaTeX Font Info:    Font shape `JT2/mc/m/n' will be
(Font)              scaled to size 7.39746pt on input line 775.
LaTeX Font Info:    Font shape `JY2/mc/m/n' will be
(Font)              scaled to size 7.39746pt on input line 775.
\c@part=\count81
\c@chapter=\count82
\c@section=\count83
\c@subsection=\count84
\c@subsubsection=\count85
\c@paragraph=\count86
\c@subparagraph=\count87
\c@figure=\count88
\c@table=\count89
\abovecaptionskip=\skip41
\belowcaptionskip=\skip42
\js@tocl@width=\dimen119
\@lnumwidth=\dimen120
\bibindent=\dimen121
LaTeX Info: Redefining \TeX on input line 1815.
LaTeX Info: Redefining \LaTeX on input line 1841.
LaTeX Info: Redefining \LaTeXe on input line 1866.
\heisei=\count90
) (c:/texlive/2014/texmf-dist/tex/latex/listings/listings.sty
(c:/texlive/2014/texmf-dist/tex/latex/graphics/keyval.sty
Package: keyval 2014/05/08 v1.15 key=value parser (DPC)
\KV@toks@=\toks15
)
\lst@mode=\count91
\lst@gtempboxa=\box41
\lst@token=\toks16
\lst@length=\count92
\lst@currlwidth=\dimen122
\lst@column=\count93
\lst@pos=\count94
\lst@lostspace=\dimen123
\lst@width=\dimen124
\lst@newlines=\count95
\lst@lineno=\count96
\lst@maxwidth=\dimen125

(c:/texlive/2014/texmf-dist/tex/latex/listings/lstmisc.sty
File: lstmisc.sty 2014/03/04 1.5c (Carsten Heinz)
\c@lstnumber=\count97
\lst@skipnumbers=\count98
\lst@framebox=\box42
)
(c:/texlive/2014/texmf-dist/tex/latex/listings/listings.cfg
File: listings.cfg 2014/03/04 1.5c listings configuration
))
Package: listings 2014/03/04 1.5c (Carsten Heinz)

(c:/texlive/2014/texmf-dist/tex/latex/graphics/color.sty
Package: color 2014/04/23 v1.1a Standard LaTeX Color (DPC)

(c:/texlive/2014/texmf-dist/tex/latex/latexconfig/color.cfg
File: color.cfg 2007/01/18 v1.5 color configuration of teTeX/TeXLive
)
Package color Info: Driver file: dvipdfmx.def on input line 137.

(c:/texlive/2014/texmf-dist/tex/latex/dvipdfmx-def/dvipdfmx.def
File: dvipdfmx.def 2014/04/28 v4.01 LaTeX color/graphics driver for dvipdfmx (T
eX Live/ChoF)
)
(c:/texlive/2014/texmf-dist/tex/latex/graphics/dvipsnam.def
File: dvipsnam.def 2014/04/23 v3.0j Driver-dependant file (DPC,SPQR)
))
(c:/texlive/2014/texmf-dist/tex/latex/geometry/geometry.sty
Package: geometry 2010/09/12 v5.6 Page Geometry

(c:/texlive/2014/texmf-dist/tex/generic/oberdiek/ifpdf.sty
Package: ifpdf 2011/01/30 v2.3 Provides the ifpdf switch (HO)
Package ifpdf Info: pdfTeX in PDF mode is not detected.
)
(c:/texlive/2014/texmf-dist/tex/generic/oberdiek/ifvtex.sty
Package: ifvtex 2010/03/01 v1.5 Detect VTeX and its facilities (HO)
Package ifvtex Info: VTeX not detected.
)
(c:/texlive/2014/texmf-dist/tex/generic/ifxetex/ifxetex.sty
Package: ifxetex 2010/09/12 v0.6 Provides ifxetex conditional
)
\Gm@cnth=\count99
\Gm@cntv=\count100
\c@Gm@tempcnt=\count101
\Gm@bindingoffset=\dimen126
\Gm@wd@mp=\dimen127
\Gm@odd@mp=\dimen128
\Gm@even@mp=\dimen129
\Gm@layoutwidth=\dimen130
\Gm@layoutheight=\dimen131
\Gm@layouthoffset=\dimen132
\Gm@layoutvoffset=\dimen133
\Gm@dimlist=\toks17
)
(c:/texlive/2014/texmf-dist/tex/latex/base/fontenc.sty
Package: fontenc 2005/09/27 v1.99g Standard LaTeX package

(c:/texlive/2014/texmf-dist/tex/latex/base/t1enc.def
File: t1enc.def 2005/09/27 v1.99g Standard LaTeX file
LaTeX Font Info:    Redeclaring font encoding T1 on input line 43.
))
(c:/texlive/2014/texmf-dist/tex/latex/txfonts/txfonts.sty
Package: txfonts 2008/01/22 v3.2.1
LaTeX Font Info:    Redeclaring symbol font `operators' on input line 21.
LaTeX Font Info:    Overwriting symbol font `operators' in version `normal'
(Font)                  OT1/cmr/m/n --> OT1/txr/m/n on input line 21.
LaTeX Font Info:    Overwriting symbol font `operators' in version `bold'
(Font)                  OT1/cmr/bx/n --> OT1/txr/m/n on input line 21.
LaTeX Font Info:    Overwriting symbol font `operators' in version `bold'
(Font)                  OT1/txr/m/n --> OT1/txr/bx/n on input line 22.
\symitalic=\mathgroup5
LaTeX Font Info:    Overwriting symbol font `italic' in version `bold'
(Font)                  OT1/txr/m/it --> OT1/txr/bx/it on input line 26.
LaTeX Font Info:    Redeclaring math alphabet \mathbf on input line 29.
LaTeX Font Info:    Overwriting math alphabet `\mathbf' in version `normal'
(Font)                  OT1/cmr/bx/n --> OT1/txr/bx/n on input line 29.
LaTeX Font Info:    Overwriting math alphabet `\mathbf' in version `bold'
(Font)                  OT1/cmr/bx/n --> OT1/txr/bx/n on input line 29.
LaTeX Font Info:    Redeclaring math alphabet \mathit on input line 30.
LaTeX Font Info:    Overwriting math alphabet `\mathit' in version `normal'
(Font)                  OT1/cmr/m/it --> OT1/txr/m/it on input line 30.
LaTeX Font Info:    Overwriting math alphabet `\mathit' in version `bold'
(Font)                  OT1/cmr/bx/it --> OT1/txr/m/it on input line 30.
LaTeX Font Info:    Overwriting math alphabet `\mathit' in version `bold'
(Font)                  OT1/txr/m/it --> OT1/txr/bx/it on input line 31.
LaTeX Font Info:    Redeclaring math alphabet \mathsf on input line 40.
LaTeX Font Info:    Overwriting math alphabet `\mathsf' in version `normal'
(Font)                  OT1/cmss/m/n --> OT1/txss/m/n on input line 40.
LaTeX Font Info:    Overwriting math alphabet `\mathsf' in version `bold'
(Font)                  OT1/cmss/bx/n --> OT1/txss/m/n on input line 40.
LaTeX Font Info:    Overwriting math alphabet `\mathsf' in version `bold'
(Font)                  OT1/txss/m/n --> OT1/txss/b/n on input line 41.
LaTeX Font Info:    Redeclaring math alphabet \mathtt on input line 50.
LaTeX Font Info:    Overwriting math alphabet `\mathtt' in version `normal'
(Font)                  OT1/cmtt/m/n --> OT1/txtt/m/n on input line 50.
LaTeX Font Info:    Overwriting math alphabet `\mathtt' in version `bold'
(Font)                  OT1/cmtt/m/n --> OT1/txtt/m/n on input line 50.
LaTeX Font Info:    Overwriting math alphabet `\mathtt' in version `bold'
(Font)                  OT1/txtt/m/n --> OT1/txtt/b/n on input line 51.
LaTeX Font Info:    Redeclaring symbol font `letters' on input line 58.
LaTeX Font Info:    Overwriting symbol font `letters' in version `normal'
(Font)                  OML/cmm/m/it --> OML/txmi/m/it on input line 58.
LaTeX Font Info:    Overwriting symbol font `letters' in version `bold'
(Font)                  OML/cmm/b/it --> OML/txmi/m/it on input line 58.
LaTeX Font Info:    Overwriting symbol font `letters' in version `bold'
(Font)                  OML/txmi/m/it --> OML/txmi/bx/it on input line 59.
\symlettersA=\mathgroup6
LaTeX Font Info:    Overwriting symbol font `lettersA' in version `bold'
(Font)                  U/txmia/m/it --> U/txmia/bx/it on input line 67.
LaTeX Font Info:    Redeclaring symbol font `symbols' on input line 77.
LaTeX Font Info:    Overwriting symbol font `symbols' in version `normal'
(Font)                  OMS/cmsy/m/n --> OMS/txsy/m/n on input line 77.
LaTeX Font Info:    Overwriting symbol font `symbols' in version `bold'
(Font)                  OMS/cmsy/b/n --> OMS/txsy/m/n on input line 77.
LaTeX Font Info:    Overwriting symbol font `symbols' in version `bold'
(Font)                  OMS/txsy/m/n --> OMS/txsy/bx/n on input line 78.
\symAMSa=\mathgroup7
LaTeX Font Info:    Overwriting symbol font `AMSa' in version `bold'
(Font)                  U/txsya/m/n --> U/txsya/bx/n on input line 94.
\symAMSb=\mathgroup8
LaTeX Font Info:    Overwriting symbol font `AMSb' in version `bold'
(Font)                  U/txsyb/m/n --> U/txsyb/bx/n on input line 103.
\symsymbolsC=\mathgroup9
LaTeX Font Info:    Overwriting symbol font `symbolsC' in version `bold'
(Font)                  U/txsyc/m/n --> U/txsyc/bx/n on input line 113.
LaTeX Font Info:    Redeclaring symbol font `largesymbols' on input line 120.
LaTeX Font Info:    Overwriting symbol font `largesymbols' in version `normal'
(Font)                  OMX/cmex/m/n --> OMX/txex/m/n on input line 120.
LaTeX Font Info:    Overwriting symbol font `largesymbols' in version `bold'
(Font)                  OMX/cmex/m/n --> OMX/txex/m/n on input line 120.
LaTeX Font Info:    Overwriting symbol font `largesymbols' in version `bold'
(Font)                  OMX/txex/m/n --> OMX/txex/bx/n on input line 121.
\symlargesymbolsA=\mathgroup10
LaTeX Font Info:    Overwriting symbol font `largesymbolsA' in version `bold'
(Font)                  U/txexa/m/n --> U/txexa/bx/n on input line 129.
LaTeX Info: Redefining \not on input line 1043.
)
(c:/texlive/2014/texmf-dist/tex/platex/japanese-otf-uptex/otf.sty
Package: otf 2013/11/17 v1.7b6 psitau, u0.13 ttk
LaTeX Font Info:    Redeclaring symbol font `mincho' on input line 284.
LaTeX Font Info:    Overwriting symbol font `mincho' in version `normal'
(Font)                  JY2/mc/m/n --> JY2/hmc/m/n on input line 284.
LaTeX Font Info:    Overwriting symbol font `mincho' in version `bold'
(Font)                  JY2/gt/m/n --> JY2/hmc/m/n on input line 284.
LaTeX Font Info:    Overwriting symbol font `mincho' in version `bold'
(Font)                  JY2/hmc/m/n --> JY2/hmc/bx/n on input line 284.
LaTeX Font Info:    Redeclaring math alphabet \mathgt on input line 284.
LaTeX Font Info:    Overwriting math alphabet `\mathgt' in version `normal'
(Font)                  JY2/gt/m/n --> JY2/hgt/m/n on input line 284.
LaTeX Font Info:    Overwriting math alphabet `\mathgt' in version `bold'
(Font)                  JY2/gt/m/n --> JY2/hgt/m/n on input line 284.
LaTeX Font Info:    Overwriting math alphabet `\mathgt' in version `bold'
(Font)                  JY2/hgt/m/n --> JY2/hgt/bx/n on input line 284.

(c:/texlive/2014/texmf-dist/tex/platex/japanese-otf/ajmacros.sty
Package: ajmacros 2005/12/25 13:52 iNOUE Koich! <inoue@ma.ns.musashi-tech.ac.jp
>
\@tempcntc=\count102
\@tempcntd=\count103
\@tempcnte=\count104
\@tempcntf=\count105
))
(c:/texlive/2014/texmf-dist/tex/latex/graphics/graphicx.sty
Package: graphicx 2014/04/25 v1.0g Enhanced LaTeX Graphics (DPC,SPQR)

(c:/texlive/2014/texmf-dist/tex/latex/graphics/graphics.sty
Package: graphics 2009/02/05 v1.0o Standard LaTeX Graphics (DPC,SPQR)

(c:/texlive/2014/texmf-dist/tex/latex/graphics/trig.sty
Package: trig 1999/03/16 v1.09 sin cos tan (DPC)
)
(c:/texlive/2014/texmf-dist/tex/latex/latexconfig/graphics.cfg
File: graphics.cfg 2010/04/23 v1.9 graphics configuration of TeX Live
)
Package graphics Info: Driver file: dvipdfmx.def on input line 91.
)
\Gin@req@height=\dimen134
\Gin@req@width=\dimen135
)
(c:/texlive/2014/texmf-dist/tex/latex/hyperref/hyperref.sty
Package: hyperref 2012/11/06 v6.83m Hypertext links for LaTeX

(c:/texlive/2014/texmf-dist/tex/generic/oberdiek/hobsub-hyperref.sty
Package: hobsub-hyperref 2012/05/28 v1.13 Bundle oberdiek, subset hyperref (HO)


(c:/texlive/2014/texmf-dist/tex/generic/oberdiek/hobsub-generic.sty
Package: hobsub-generic 2012/05/28 v1.13 Bundle oberdiek, subset generic (HO)
Package: hobsub 2012/05/28 v1.13 Construct package bundles (HO)
Package: infwarerr 2010/04/08 v1.3 Providing info/warning/error messages (HO)
Package: ltxcmds 2011/11/09 v1.22 LaTeX kernel commands for general use (HO)
Package: ifluatex 2010/03/01 v1.3 Provides the ifluatex switch (HO)
Package ifluatex Info: LuaTeX not detected.
Package hobsub Info: Skipping package `ifvtex' (already loaded).
Package: intcalc 2007/09/27 v1.1 Expandable calculations with integers (HO)
Package hobsub Info: Skipping package `ifpdf' (already loaded).
Package: etexcmds 2011/02/16 v1.5 Avoid name clashes with e-TeX commands (HO)
Package etexcmds Info: Could not find \expanded.
(etexcmds)             That can mean that you are not using pdfTeX 1.50 or
(etexcmds)             that some package has redefined \expanded.
(etexcmds)             In the latter case, load this package earlier.
Package: kvsetkeys 2012/04/25 v1.16 Key value parser (HO)
Package: kvdefinekeys 2011/04/07 v1.3 Define keys (HO)
Package: pdftexcmds 2011/11/29 v0.20 Utility functions of pdfTeX for LuaTeX (HO
)
Package pdftexcmds Info: LuaTeX not detected.
Package pdftexcmds Info: pdfTeX >= 1.30 not detected.
Package pdftexcmds Info: \pdf@primitive is not available.
Package pdftexcmds Info: \pdf@ifprimitive is not available.
Package pdftexcmds Info: \pdfdraftmode not found.
Package: pdfescape 2011/11/25 v1.13 Implements pdfTeX's escape features (HO)
Package: bigintcalc 2012/04/08 v1.3 Expandable calculations on big integers (HO
)
Package: bitset 2011/01/30 v1.1 Handle bit-vector datatype (HO)
Package: uniquecounter 2011/01/30 v1.2 Provide unlimited unique counter (HO)
)
Package hobsub Info: Skipping package `hobsub' (already loaded).
Package: letltxmacro 2010/09/02 v1.4 Let assignment for LaTeX macros (HO)
Package: hopatch 2012/05/28 v1.2 Wrapper for package hooks (HO)
Package: xcolor-patch 2011/01/30 xcolor patch
Package: atveryend 2011/06/30 v1.8 Hooks at the very end of document (HO)
Package atveryend Info: \enddocument detected (standard20110627).
Package: atbegshi 2011/10/05 v1.16 At begin shipout hook (HO)
Package: refcount 2011/10/16 v3.4 Data extraction from label references (HO)
Package: hycolor 2011/01/30 v1.7 Color options for hyperref/bookmark (HO)
)
(c:/texlive/2014/texmf-dist/tex/latex/oberdiek/auxhook.sty
Package: auxhook 2011/03/04 v1.3 Hooks for auxiliary files (HO)
)
(c:/texlive/2014/texmf-dist/tex/latex/oberdiek/kvoptions.sty
Package: kvoptions 2011/06/30 v3.11 Key value format for package options (HO)
)
\@linkdim=\dimen136
\Hy@linkcounter=\count106
\Hy@pagecounter=\count107

(c:/texlive/2014/texmf-dist/tex/latex/hyperref/pd1enc.def
File: pd1enc.def 2012/11/06 v6.83m Hyperref: PDFDocEncoding definition (HO)
)
\Hy@SavedSpaceFactor=\count108

(c:/texlive/2014/texmf-dist/tex/latex/latexconfig/hyperref.cfg
File: hyperref.cfg 2002/06/06 v1.2 hyperref configuration of TeXLive
)
Package hyperref Info: Hyper figures OFF on input line 4443.
Package hyperref Info: Link nesting OFF on input line 4448.
Package hyperref Info: Hyper index ON on input line 4451.
Package hyperref Info: Plain pages OFF on input line 4458.
Package hyperref Info: Backreferencing OFF on input line 4463.
Package hyperref Info: Implicit mode ON; LaTeX internals redefined.
Package hyperref Info: Bookmarks ON on input line 4688.
\c@Hy@tempcnt=\count109

(c:/texlive/2014/texmf-dist/tex/latex/url/url.sty
\Urlmuskip=\muskip10
Package: url 2013/09/16  ver 3.4  Verb mode for urls, etc.
)
LaTeX Info: Redefining \url on input line 5041.
\XeTeXLinkMargin=\dimen137
\Fld@menulength=\count110
\Field@Width=\dimen138
\Fld@charsize=\dimen139
Package hyperref Info: Hyper figures OFF on input line 6295.
Package hyperref Info: Link nesting OFF on input line 6300.
Package hyperref Info: Hyper index ON on input line 6303.
Package hyperref Info: backreferencing OFF on input line 6310.
Package hyperref Info: Link coloring OFF on input line 6315.
Package hyperref Info: Link coloring with OCG OFF on input line 6320.
Package hyperref Info: PDF/A mode OFF on input line 6325.
LaTeX Info: Redefining \ref on input line 6365.
LaTeX Info: Redefining \pageref on input line 6369.
\Hy@abspage=\count111
\c@Item=\count112
\c@Hfootnote=\count113
)

Package hyperref Message: Driver: hdvipdfm.

(c:/texlive/2014/texmf-dist/tex/latex/hyperref/hdvipdfm.def
File: hdvipdfm.def 2012/11/06 v6.83m Hyperref driver for dvipdfm
\pdfm@box=\box43
\c@Hy@AnnotLevel=\count114
\HyField@AnnotCount=\count115
\Fld@listcount=\count116
\c@bookmark@seq@number=\count117

(c:/texlive/2014/texmf-dist/tex/latex/oberdiek/rerunfilecheck.sty
Package: rerunfilecheck 2011/04/15 v1.7 Rerun checks for auxiliary files (HO)
Package rerunfilecheck Info: Feature \pdfmdfivesum is not available
(rerunfilecheck)             (e.g. pdfTeX or LuaTeX with package `pdftexcmds').

(rerunfilecheck)             Therefore file contents cannot be checked efficien
tly
(rerunfilecheck)             and the loading of the package is aborted.
)
\Hy@SectionHShift=\skip43
)
(c:/texlive/2014/texmf-dist/tex/platex/pxjahyper/pxjahyper.sty
Package: pxjahyper 2012/05/27 v0.2
) (./main.tex
(c:/texlive/2014/texmf-dist/tex/latex/here/here.sty)
(c:/texlive/2014/texmf-dist/tex/latex/float/float.sty
Package: float 2001/11/08 v1.3d Float enhancements (AL)
\c@float@type=\count118
\float@exts=\toks18
\float@box=\box44
\@float@everytoks=\toks19
\@floatcapt=\box45
) (./draft.aux

LaTeX Warning: Label `仮想マシンの設定画面' multiply defined.


LaTeX Warning: Label `仮想マシンの設定画面' multiply defined.


LaTeX Warning: Label `仮想マシンの設定画面' multiply defined.


LaTeX Warning: Label `仮想マシンの設定画面' multiply defined.


LaTeX Warning: Label `仮想マシンの設定画面' multiply defined.


LaTeX Warning: Label `イメージ画面' multiply defined.


LaTeX Warning: Label `Rの画面1' multiply defined.

)
\openout1 = `draft.aux'.

LaTeX Font Info:    Checking defaults for OML/txmi/m/it on input line 10.
LaTeX Font Info:    Try loading font information for OML+txmi on input line 10.

 (c:/texlive/2014/texmf-dist/tex/latex/txfonts/omltxmi.fd
File: omltxmi.fd 2000/12/15 v3.1
)
LaTeX Font Info:    ... okay on input line 10.
LaTeX Font Info:    Checking defaults for T1/cmr/m/n on input line 10.
LaTeX Font Info:    ... okay on input line 10.
LaTeX Font Info:    Checking defaults for OT1/cmr/m/n on input line 10.
LaTeX Font Info:    ... okay on input line 10.
LaTeX Font Info:    Checking defaults for OMS/txsy/m/n on input line 10.
LaTeX Font Info:    Try loading font information for OMS+txsy on input line 10.


(c:/texlive/2014/texmf-dist/tex/latex/txfonts/omstxsy.fd
File: omstxsy.fd 2000/12/15 v3.1
)
LaTeX Font Info:    ... okay on input line 10.
LaTeX Font Info:    Checking defaults for OMX/txex/m/n on input line 10.
LaTeX Font Info:    Try loading font information for OMX+txex on input line 10.


(c:/texlive/2014/texmf-dist/tex/latex/txfonts/omxtxex.fd
File: omxtxex.fd 2000/12/15 v3.1
)
LaTeX Font Info:    ... okay on input line 10.
LaTeX Font Info:    Checking defaults for U/txexa/m/n on input line 10.
LaTeX Font Info:    Try loading font information for U+txexa on input line 10.

(c:/texlive/2014/texmf-dist/tex/latex/txfonts/utxexa.fd
File: utxexa.fd 2000/12/15 v3.1
)
LaTeX Font Info:    ... okay on input line 10.
LaTeX Font Info:    Checking defaults for JY2/mc/m/n on input line 10.
LaTeX Font Info:    ... okay on input line 10.
LaTeX Font Info:    Checking defaults for JT2/mc/m/n on input line 10.
LaTeX Font Info:    ... okay on input line 10.
LaTeX Font Info:    Checking defaults for PD1/pdf/m/n on input line 10.
LaTeX Font Info:    ... okay on input line 10.

(I search kanjifont definition file: . . ) (I search font definition file: . .
. . . . . . )
LaTeX Font Info:    Font shape `JT2/hmc/m/n' will be
(Font)              scaled to size 9.24683pt on input line 10.
LaTeX Font Info:    Font shape `JY2/hmc/m/n' will be
(Font)              scaled to size 9.24683pt on input line 10.
LaTeX Font Info:    Try loading font information for T1+txr on input line 10.
 (c:/texlive/2014/texmf-dist/tex/latex/txfonts/t1txr.fd
File: t1txr.fd 2000/12/15 v3.1
)
\c@lstlisting=\count119

*geometry* driver: auto-detecting
*geometry* detected driver: dvips
*geometry* verbose mode - [ preamble ] result:
* driver: dvips
* paper: <default>
* layout: <same size as paper>
* layoutoffset:(h,v)=(0.0pt,0.0pt)
* modes: twoside 
* h-part:(L,W,R)=(85.748pt, 374.1712pt, 85.748pt)
* v-part:(T,H,B)=(70.15747pt, 634.01285pt, 67.559pt)
* \paperwidth=597.49146pt
* \paperheight=845.04272pt
* \textwidth=374.1712pt
* \textheight=634.01285pt
* \oddsidemargin=13.47801pt
* \evensidemargin=13.47801pt
* \topmargin=-39.18416pt
* \headheight=20.0pt
* \headsep=17.07164pt
* \topskip=10.0pt
* \footskip=0.0pt
* \marginparwidth=64.72778pt
* \marginparsep=18.49365pt
* \columnsep=18.49365pt
* \skip\footins=16.0pt plus 5.0pt minus 2.0pt
* \hoffset=6.27573pt
* \voffset=6.27573pt
* \mag=1095
* \@twocolumnfalse
* \@twosidetrue
* \@mparswitchtrue
* \@reversemarginfalse
* (1in=72.27pt=25.4mm, 1cm=28.453pt)

\AtBeginShipoutBox=\box46
Package hyperref Info: Link coloring OFF on input line 10.
(c:/texlive/2014/texmf-dist/tex/latex/hyperref/nameref.sty
Package: nameref 2012/10/27 v2.43 Cross-referencing by name of section

(c:/texlive/2014/texmf-dist/tex/generic/oberdiek/gettitlestring.sty
Package: gettitlestring 2010/12/03 v1.4 Cleanup title references (HO)
)
\c@section@level=\count120
)
LaTeX Info: Redefining \ref on input line 10.
LaTeX Info: Redefining \pageref on input line 10.
LaTeX Info: Redefining \nameref on input line 10.

(./draft.out) (./draft.out)
\@outlinefile=\write3
\openout3 = `draft.out'.


(c:/texlive/2014/texmf-dist/tex/latex/listings/lstlang1.sty
File: lstlang1.sty 2014/03/04 1.5c listings language file
)
LaTeX Font Info:    Font shape `JT2/hmc/m/n' will be
(Font)              scaled to size 15.9785pt on input line 38.
LaTeX Font Info:    Font shape `JY2/hmc/m/n' will be
(Font)              scaled to size 15.9785pt on input line 38.
LaTeX Font Info:    Font shape `JT2/hmc/m/n' will be
(Font)              scaled to size 11.09619pt on input line 38.
LaTeX Font Info:    Font shape `JY2/hmc/m/n' will be
(Font)              scaled to size 11.09619pt on input line 38.
LaTeX Font Info:    Try loading font information for OT1+txr on input line 38.

(c:/texlive/2014/texmf-dist/tex/latex/txfonts/ot1txr.fd
File: ot1txr.fd 2000/12/15 v3.1
)
LaTeX Font Info:    Font shape `JY2/hmc/m/n' will be
(Font)              scaled to size 7.39746pt on input line 38.
LaTeX Font Info:    Font shape `JY2/hmc/m/n' will be
(Font)              scaled to size 5.5481pt on input line 38.
LaTeX Font Info:    Try loading font information for U+txmia on input line 38.

(c:/texlive/2014/texmf-dist/tex/latex/txfonts/utxmia.fd
File: utxmia.fd 2000/12/15 v3.1
)
LaTeX Font Info:    Try loading font information for U+txsya on input line 38.

(c:/texlive/2014/texmf-dist/tex/latex/txfonts/utxsya.fd
File: utxsya.fd 2000/12/15 v3.1
)
LaTeX Font Info:    Try loading font information for U+txsyb on input line 38.

(c:/texlive/2014/texmf-dist/tex/latex/txfonts/utxsyb.fd
File: utxsyb.fd 2000/12/15 v3.1
)
LaTeX Font Info:    Try loading font information for U+txsyc on input line 38.

(c:/texlive/2014/texmf-dist/tex/latex/txfonts/utxsyc.fd
File: utxsyc.fd 2000/12/15 v3.1
) [1


]
LaTeX Font Info:    Font shape `JT2/hmc/m/n' will be
(Font)              scaled to size 23.0061pt on input line 47.
LaTeX Font Info:    Font shape `JY2/hmc/m/n' will be
(Font)              scaled to size 23.0061pt on input line 47.
LaTeX Font Info:    Font shape `JT2/hgt/m/n' will be
(Font)              scaled to size 23.0061pt on input line 47.
LaTeX Font Info:    Font shape `JY2/hgt/m/n' will be
(Font)              scaled to size 23.0061pt on input line 47.
LaTeX Font Info:    Try loading font information for T1+txss on input line 47.

(c:/texlive/2014/texmf-dist/tex/latex/txfonts/t1txss.fd
File: t1txss.fd 2000/12/15 v3.1
)
LaTeX Font Info:    Font shape `T1/txss/m/n' will be
(Font)              scaled to size 23.63593pt on input line 47.
LaTeX Font Info:    Font shape `JT2/hgt/m/n' will be
(Font)              scaled to size 9.24683pt on input line 49.
LaTeX Font Info:    Font shape `JY2/hgt/m/n' will be
(Font)              scaled to size 9.24683pt on input line 49.
LaTeX Font Info:    Font shape `T1/txss/m/n' will be
(Font)              scaled to size 9.49997pt on input line 49.
LaTeX Font Info:    Font shape `JT2/hmc/bx/n' will be
(Font)              scaled to size 9.24683pt on input line 49.
LaTeX Font Info:    Font shape `JY2/hmc/bx/n' will be
(Font)              scaled to size 9.24683pt on input line 49.
 [2

] (./draft.toc
LaTeX Font Info:    Font shape `JY2/hmc/m/n' will be
(Font)              scaled to size 6.47278pt on input line 2.
LaTeX Font Info:    Font shape `JY2/hmc/m/n' will be
(Font)              scaled to size 4.62341pt on input line 2.

[3

])
\tf@toc=\write4
\openout4 = `draft.toc'.

 [4]
第1章
LaTeX Font Info:    Font shape `JT2/hmc/m/n' will be
(Font)              scaled to size 19.17792pt on input line 51.
LaTeX Font Info:    Font shape `JY2/hmc/m/n' will be
(Font)              scaled to size 19.17792pt on input line 51.
LaTeX Font Info:    Font shape `JT2/hgt/m/n' will be
(Font)              scaled to size 19.17792pt on input line 51.
LaTeX Font Info:    Font shape `JY2/hgt/m/n' will be
(Font)              scaled to size 19.17792pt on input line 51.
LaTeX Font Info:    Font shape `T1/txss/m/n' will be
(Font)              scaled to size 19.70294pt on input line 51.
LaTeX Font Info:    Font shape `JT2/hmc/m/n' will be
(Font)              scaled to size 13.31541pt on input line 53.
LaTeX Font Info:    Font shape `JY2/hmc/m/n' will be
(Font)              scaled to size 13.31541pt on input line 53.
LaTeX Font Info:    Font shape `JT2/hgt/m/n' will be
(Font)              scaled to size 13.31541pt on input line 53.
LaTeX Font Info:    Font shape `JY2/hgt/m/n' will be
(Font)              scaled to size 13.31541pt on input line 53.
LaTeX Font Info:    Font shape `T1/txss/m/n' will be
(Font)              scaled to size 13.67995pt on input line 53.
[5

]
第2章
[6

]
第3章
File: twitter000.png Graphic file (type bmp)
<twitter000.png>
LaTeX Font Info:    Font shape `JT2/hmc/m/n' will be
(Font)              scaled to size 8.32214pt on input line 92.
LaTeX Font Info:    Font shape `JY2/hmc/m/n' will be
(Font)              scaled to size 8.32214pt on input line 92.
 [7

]
LaTeX Font Info:    Font shape `JT2/hgt/m/n' will be
(Font)              scaled to size 11.09619pt on input line 98.
LaTeX Font Info:    Font shape `JY2/hgt/m/n' will be
(Font)              scaled to size 11.09619pt on input line 98.
LaTeX Font Info:    Font shape `T1/txss/m/n' will be
(Font)              scaled to size 11.39996pt on input line 98.
File: tweet001.png Graphic file (type bmp)
 <tweet001.png> [8]
File: twitterTL.png Graphic file (type bmp)
 <twitterTL.png>
Overfull \hbox (52.62013pt too wide) in paragraph at lines 124--125
 [][] 
 []

[9] [10]
File: rtrogic.png Graphic file (type bmp)
 <rtrogic.png>
Overfull \hbox (52.62013pt too wide) in paragraph at lines 156--157
 [][] 
 []

[11] [12]
File: API.png Graphic file (type bmp)
 <API.png>
Overfull \hbox (52.62013pt too wide) in paragraph at lines 192--193
 [][] 
 []

[13

]
File: virtualbox00.png Graphic file (type bmp)
 <virtualbox00.png>
Overfull \hbox (52.62013pt too wide) in paragraph at lines 221--222
 [][] 
 []

[14] [15]
第4章

Underfull \hbox (badness 6725) in paragraph at lines 282--283
[]\T1/txr/m/n/10 VirtualBox \JY2/hmc/m/n/10 のダウンロ ードサイト \T1
/txr/m/n/10 (http://www.oracle.com/technetwork/server-
 []

File: virtualbox001.png Graphic file (type bmp)
<virtualbox001.png>
Overfull \hbox (52.62013pt too wide) in paragraph at lines 286--287
 [][] 
 []

[16


]
File: virtualbox002.png Graphic file (type bmp)
 <virtualbox002.png>
Overfull \hbox (52.62013pt too wide) in paragraph at lines 294--295
 [][] 
 []

[17]
File: virtualbox003.png Graphic file (type bmp)
 <virtualbox003.png>
Overfull \hbox (52.62013pt too wide) in paragraph at lines 301--302
 [][] 
 []

[18]
File: virtualbox004.png Graphic file (type bmp)
 <virtualbox004.png>
Overfull \hbox (52.62013pt too wide) in paragraph at lines 311--312
 [][] 
 []

[19] [20]
File: ubuntuiso.png Graphic file (type bmp)
 <ubuntuiso.png>
Overfull \hbox (52.62013pt too wide) in paragraph at lines 327--328
 [][] 
 []

File: vb001.png Graphic file (type bmp)
<vb001.png>
Overfull \hbox (52.62013pt too wide) in paragraph at lines 337--338
 [][] 
 []

[21

]
File: vb002.png Graphic file (type bmp)
 <vb002.png>
Overfull \hbox (52.62013pt too wide) in paragraph at lines 345--346
 [][] 
 []

[22]
File: vb003.png Graphic file (type bmp)
 <vb003.png>
Overfull \hbox (52.62013pt too wide) in paragraph at lines 354--355
 [][] 
 []

[23]
File: vb004.png Graphic file (type bmp)
 <vb004.png>
Overfull \hbox (52.62013pt too wide) in paragraph at lines 364--365
 [][] 
 []

[24]
File: vb005.png Graphic file (type bmp)
 <vb005.png>
Overfull \hbox (52.62013pt too wide) in paragraph at lines 373--374
 [][] 
 []

[25]
File: vb006.png Graphic file (type bmp)
 <vb006.png>
Overfull \hbox (52.62013pt too wide) in paragraph at lines 386--387
 [][] 
 []

File: ubuntuinstall00.png Graphic file (type bmp)
<ubuntuinstall00.png>
Overfull \hbox (52.62013pt too wide) in paragraph at lines 394--395
 [][] 
 []

[26

]
File: ubuntuinstall01.png Graphic file (type bmp)
 <ubuntuinstall01.png>
Overfull \hbox (52.62013pt too wide) in paragraph at lines 401--402
 [][] 
 []

[27]
File: ubuntuinstall02.png Graphic file (type bmp)
 <ubuntuinstall02.png>
Overfull \hbox (52.62013pt too wide) in paragraph at lines 409--410
 [][] 
 []

[28]
File: ubuntuinstall03.png Graphic file (type bmp)
 <ubuntuinstall03.png>
Overfull \hbox (52.62013pt too wide) in paragraph at lines 417--418
 [][] 
 []

[29]
File: ubuntuinstall04.png Graphic file (type bmp)
 <ubuntuinstall04.png>
Overfull \hbox (52.62013pt too wide) in paragraph at lines 426--427
 [][] 
 []

[30]
File: ubuntuinstall05.png Graphic file (type bmp)
 <ubuntuinstall05.png>
Overfull \hbox (52.62013pt too wide) in paragraph at lines 436--437
 [][] 
 []

[31]
File: ubuntuinstall06.png Graphic file (type bmp)
 <ubuntuinstall06.png>
Overfull \hbox (52.62013pt too wide) in paragraph at lines 446--447
 [][] 
 []

[32]
File: ubuntuinstall07.png Graphic file (type bmp)
 <ubuntuinstall07.png>
Overfull \hbox (52.62013pt too wide) in paragraph at lines 455--456
 [][] 
 []

[33]
File: tweepyinstall001.png Graphic file (type bmp)
 <tweepyinstall001.png>
Overfull \hbox (52.62013pt too wide) in paragraph at lines 465--466
 [][] 
 []

[34]
File: tweepyinstall002.png Graphic file (type bmp)
 <tweepyinstall002.png>
Overfull \hbox (52.62013pt too wide) in paragraph at lines 473--474
 [][] 
 []

[35]
LaTeX Font Info:    Font shape `JT2/hmc/m/n' will be
(Font)              scaled to size 6.47278pt on input line 480.
File: twitterdev001.png Graphic file (type bmp)
 <twitterdev001.png>
Overfull \hbox (52.62013pt too wide) in paragraph at lines 494--495
 [][] 
 []

File: twitterdev002.png Graphic file (type bmp)
<twitterdev002.png>
Overfull \hbox (52.62013pt too wide) in paragraph at lines 502--503
 [][] 
 []

[36]
File: twitterdev003.png Graphic file (type bmp)
 <twitterdev003.png>
Overfull \hbox (52.62013pt too wide) in paragraph at lines 511--512
 [][] 
 []

[37] [38] [39]
第5章
LaTeX Font Info:    Try loading font information for OMS+txr on input line 563.

(c:/texlive/2014/texmf-dist/tex/latex/txfonts/omstxr.fd
File: omstxr.fd 2000/12/15 v3.1
)
LaTeX Font Info:    Font shape `OMS/txr/m/n' in size <10> not available
(Font)              Font shape `OMS/txsy/m/n' tried instead on input line 563.
 [40


]
LaTeX Font Info:    Font shape `OMS/txr/m/n' in size <9> not available
(Font)              Font shape `OMS/txsy/m/n' tried instead on input line 579.
LaTeX Font Info:    Font shape `JT2/hmc/bx/n' will be
(Font)              scaled to size 8.32214pt on input line 581.
LaTeX Font Info:    Font shape `JY2/hmc/bx/n' will be
(Font)              scaled to size 8.32214pt on input line 581.
LaTeX Font Info:    Font shape `JT2/hgt/m/n' will be
(Font)              scaled to size 8.32214pt on input line 585.
LaTeX Font Info:    Font shape `JY2/hgt/m/n' will be
(Font)              scaled to size 8.32214pt on input line 585.
LaTeX Font Info:    Try loading font information for T1+txtt on input line 585.


(c:/texlive/2014/texmf-dist/tex/latex/txfonts/t1txtt.fd
File: t1txtt.fd 2000/12/15 v3.1
)
File: resultdat.png Graphic file (type bmp)
 <resultdat.png>
Overfull \hbox (52.62013pt too wide) in paragraph at lines 611--612
 [][] 
 []

[41

] [42]

LaTeX Font Warning: Font shape `JT2/hmc/m/it' undefined
(Font)              using `JT2/hmc/m/n' instead on input line 627.


LaTeX Font Warning: Font shape `JY2/hmc/m/it' undefined
(Font)              using `JY2/hmc/m/n' instead on input line 627.

LaTeX Font Info:    Font shape `JT2/hmc/m/it' will be
(Font)              scaled to size 8.32214pt on input line 627.
LaTeX Font Info:    Font shape `JY2/hmc/m/it' will be
(Font)              scaled to size 8.32214pt on input line 627.
[43

]
LaTeX Font Info:    Font shape `OMS/txr/m/it' in size <9> not available
(Font)              Font shape `OMS/txsy/m/n' tried instead on input line 672.
 [44

] [45]
File: database001.png Graphic file (type bmp)
 <database001.png>
Overfull \hbox (52.62013pt too wide) in paragraph at lines 784--785
 [][] 
 []

File: database002.png Graphic file (type bmp)
<database002.png>
Overfull \hbox (52.62013pt too wide) in paragraph at lines 792--793
 [][] 
 []

[46]
File: database003.png Graphic file (type bmp)
 <database003.png>
Overfull \hbox (52.62013pt too wide) in paragraph at lines 800--801
 [][] 
 []

File: database004.png Graphic file (type bmp)
<database004.png>
Overfull \hbox (52.62013pt too wide) in paragraph at lines 807--808
 [][] 
 []

[47] [48]
File: streampy.png Graphic file (type bmp)
 <streampy.png>
Overfull \hbox (52.62013pt too wide) in paragraph at lines 850--851
 [][] 
 []

[49

] [50]
File: retweetspy.png Graphic file (type bmp)
 <retweetspy.png>
Overfull \hbox (52.62013pt too wide) in paragraph at lines 901--902
 [][] 
 []

[51] [52

]
第6章
File: R001.png Graphic file (type bmp)
<R001.png>
Overfull \hbox (52.62013pt too wide) in paragraph at lines 972--973
 [][] 
 []

[53

]
File: R002.png Graphic file (type bmp)
 <R002.png>
Overfull \hbox (52.62013pt too wide) in paragraph at lines 979--980
 [][] 
 []

[54]
File: R003.png Graphic file (type bmp)
 <R003.png>
Overfull \hbox (52.62013pt too wide) in paragraph at lines 987--988
 [][] 
 []

File: R004.png Graphic file (type bmp)
<R004.png>
Overfull \hbox (52.62013pt too wide) in paragraph at lines 995--996
 [][] 
 []

[55]
File: R005.png Graphic file (type bmp)
 <R005.png>
Overfull \hbox (52.62013pt too wide) in paragraph at lines 1004--1005
 [][] 
 []

[56] [57]
第7章
File: kekka001.png Graphic file (type bmp)
<kekka001.png>
Overfull \hbox (52.62013pt too wide) in paragraph at lines 1021--1022
 [][] 
 []

[58

]
File: kekka002.png Graphic file (type bmp)
 <kekka002.png>
Overfull \hbox (52.62013pt too wide) in paragraph at lines 1029--1030
 [][] 
 []

File: kekka003.png Graphic file (type bmp)
<kekka003.png>
Overfull \hbox (52.62013pt too wide) in paragraph at lines 1037--1038
 [][] 
 []

[59]
File: kekka004.png Graphic file (type bmp)
 <kekka004.png>
Overfull \hbox (52.62013pt too wide) in paragraph at lines 1048--1049
 [][] 
 []

[60] [61]
第8章

LaTeX Warning: Citation `yabuki2011' on page 62 undefined on input line 1063.


LaTeX Warning: Citation `yabuki2011' on page 62 undefined on input line 1063.


LaTeX Warning: Citation `yabuki2013' on page 62 undefined on input line 1063.


LaTeX Warning: Citation `kubo2014' on page 62 undefined on input line 1063.


LaTeX Warning: Citation `okumura2013' on page 62 undefined on input line 1063.

(./draft.bbl [62

]
Underfull \hbox (badness 3803) in paragraph at lines 12--15
[]\JY2/hmc/m/n/10 ＶｉｒｔｕａｌＢｏｘとは ？  []$\T1/txtt/m/n/10 
http : / / jukenki . com / contents / other /
 []


Underfull \hbox (badness 2285) in paragraph at lines 22--25
[]\T1/txr/m/n/10 Binary it \JY2/hmc/m/n/10 用語辞典\T1/txr/m/n/10 .  []$\T1
/txtt/m/n/10 http : / / www . sophia-[]it . com / content / %E3 % 83 % 9B % E3 
%
 []


Underfull \hbox (badness 10000) in paragraph at lines 22--25
\T1/txtt/m/n/10 82 % B9 % E3 % 83 % 88 % E3 % 82 % B3 % E3 % 83 % B3 % E3 % 83 
% 94 % E3 % 83 % A5 % E3 % 83 % BC % E3 % 82 %
 []


Underfull \hbox (badness 4492) in paragraph at lines 36--38
[]\JY2/hmc/m/n/10 ウ ィキペデ ィアフリ ー百科事典\T1/txr/m/n/10 .
  []$\T1/txtt/m/n/10 https : / / ja . wikipedia . org / wiki /
 []


Underfull \hbox (badness 10000) in paragraph at lines 53--56
\T1/txtt/m/n/10 9D % E5 % BF % 83 % E8 % 80 % 85 % E3 % 81 % A7 % E3 % 82 % 82 
% E3 % 81 % BB % E3 % 81 % BC % E7 % 84 % A1 %
 []


Underfull \hbox (badness 10000) in paragraph at lines 53--56
\T1/txtt/m/n/10 E6 % 96 % 99 % E3 % 81 % A7R % E8 % A8 % 80 % E8 % AA % 9E % E3
 % 82 % 92 % E5 % 8B % 89 % E5 % BC % B7 % E3 %
 []


Underfull \hbox (badness 10000) in paragraph at lines 53--56
\T1/txtt/m/n/10 81 % A7 % E3 % 81 % 8D % E3 % 82 % 8B % E3 % 82 % B3 % E3 % 83 
% B3 % E3 % 83 % 86 % E3 % 83 % B3$[]\T1/txr/m/n/10 (20161.26
 []

)
Package atveryend Info: Empty hook `BeforeClearDocument' on input line 1068.
 [63

]
Package atveryend Info: Empty hook `AfterLastShipout' on input line 1068.
 (./draft.aux)
Package atveryend Info: Empty hook `AtVeryEndDocument' on input line 1068.
Package atveryend Info: Empty hook `AtEndAfterFileList' on input line 1068.


LaTeX Font Warning: Some font shapes were not available, defaults substituted.


LaTeX Warning: There were undefined references.


LaTeX Warning: There were multiply-defined labels.

Package atveryend Info: Empty hook `AtVeryVeryEnd' on input line 1068.
 ) ) 
Here is how much of TeX's memory you used:
 10744 strings out of 493800
 152260 string characters out of 6154751
 346383 words of memory out of 5000000
 14044 multiletter control sequences out of 15000+600000
 63669 words of font info for 160 fonts, out of 8000000 for 9000
 934 hyphenation exceptions out of 8191
 30i,10n,40p,679b,1779s stack positions out of 5000i,500n,10000p,200000b,80000s

Output written on draft.dvi (63 pages, 161372 bytes).
