\BOOKMARK [0][-]{chapter.1}{序論}{}% 1
\BOOKMARK [1][-]{section.1.1}{本章の構成}{chapter.1}% 2
\BOOKMARK [1][-]{section.1.2}{研究背景}{chapter.1}% 3
\BOOKMARK [1][-]{section.1.3}{研究目的}{chapter.1}% 4
\BOOKMARK [0][-]{chapter.2}{手法}{}% 5
\BOOKMARK [1][-]{section.2.1}{本章の構成}{chapter.2}% 6
\BOOKMARK [1][-]{section.2.2}{研究方法}{chapter.2}% 7
\BOOKMARK [0][-]{chapter.3}{Twitterについて}{}% 8
\BOOKMARK [1][-]{section.3.1}{本章の構成}{chapter.3}% 9
\BOOKMARK [1][-]{section.3.2}{Twitterとは}{chapter.3}% 10
\BOOKMARK [1][-]{section.3.3}{用語}{chapter.3}% 11
\BOOKMARK [1][-]{section.3.4}{Twitter APIについて}{chapter.3}% 12
\BOOKMARK [1][-]{section.3.5}{VirtualBoxとは}{chapter.3}% 13
\BOOKMARK [1][-]{section.3.6}{用語}{chapter.3}% 14
\BOOKMARK [0][-]{chapter.4}{Ubuntuについて}{}% 15
\BOOKMARK [1][-]{section.4.1}{プログラムを使用するまでの流れ}{chapter.4}% 16
\BOOKMARK [1][-]{section.4.2}{Twitterアカウントと電話番号の紐付け}{chapter.4}% 17
\BOOKMARK [1][-]{section.4.3}{端末の使用方法}{chapter.4}% 18
\BOOKMARK [0][-]{chapter.5}{Pythonについて}{}% 19
\BOOKMARK [1][-]{section.5.1}{本章の構成}{chapter.5}% 20
\BOOKMARK [1][-]{section.5.2}{Pythonとは}{chapter.5}% 21
\BOOKMARK [1][-]{section.5.3}{ツイートの取得}{chapter.5}% 22
\BOOKMARK [1][-]{section.5.4}{ツイートの処理}{chapter.5}% 23
\BOOKMARK [1][-]{section.5.5}{OAuth認証}{chapter.5}% 24
\BOOKMARK [1][-]{section.5.6}{データベースの作成}{chapter.5}% 25
\BOOKMARK [1][-]{section.5.7}{リツイートの記録}{chapter.5}% 26
\BOOKMARK [1][-]{section.5.8}{リツイートに関する調査}{chapter.5}% 27
\BOOKMARK [0][-]{chapter.6}{R言語について}{}% 28
\BOOKMARK [1][-]{section.6.1}{本章の構成}{chapter.6}% 29
\BOOKMARK [1][-]{section.6.2}{R言語とは}{chapter.6}% 30
\BOOKMARK [1][-]{section.6.3}{Rの導入}{chapter.6}% 31
\BOOKMARK [1][-]{section.6.4}{Rの起動と終了}{chapter.6}% 32
\BOOKMARK [0][-]{chapter.7}{結果，考察}{}% 33
\BOOKMARK [1][-]{section.7.1}{本章の構成}{chapter.7}% 34
\BOOKMARK [1][-]{section.7.2}{Rを用いた重回帰分析の方法}{chapter.7}% 35
\BOOKMARK [1][-]{section.7.3}{分析結果}{chapter.7}% 36
\BOOKMARK [1][-]{section.7.4}{考察}{chapter.7}% 37
\BOOKMARK [0][-]{chapter.8}{結論}{}% 38
\BOOKMARK [0][-]{chapter*.4}{参考文献}{}% 39
